2025-12-06 18:54:02 - cc_ai_summarizer - INFO - Logger initialized. Log file: /Users/dineshwar.elanchezhian/Documents/Dev/Python/IK/Projects/capstone/cc-ai-summarizer/src/../logs/log_20251206_185402.txt
2025-12-06 18:54:02 - cc_ai_summarizer - INFO - Debug mode: True
2025-12-06 18:54:02 - cc_ai_summarizer - DEBUG - Loaded 12 summaries from output_data/bulk_summaries.json
2025-12-06 18:54:02 - cc_ai_summarizer - INFO - Loaded bulk summary chat history with 2 messages
2025-12-06 18:54:08 - cc_ai_summarizer - DEBUG - Loading file: airline_upgrade_happy_10min.txt
2025-12-06 18:54:08 - cc_ai_summarizer - INFO - Loaded chat history with 42 messages
2025-12-06 18:54:10 - cc_ai_summarizer - DEBUG - Loading file: airline_upgrade_happy_10min.txt
2025-12-06 18:54:12 - cc_ai_summarizer - DEBUG - Loaded 12 summaries from output_data/bulk_summaries.json
2025-12-06 18:54:14 - cc_ai_summarizer - DEBUG - Loaded 12 summaries from output_data/bulk_summaries.json
2025-12-06 18:54:14 - cc_ai_summarizer - INFO - Saved bulk summary chat history with 0 messages
2025-12-06 18:54:14 - cc_ai_summarizer - DEBUG - Loaded 12 summaries from output_data/bulk_summaries.json
2025-12-06 18:54:18 - cc_ai_summarizer - DEBUG - Loaded 12 summaries from output_data/bulk_summaries.json
2025-12-06 18:54:18 - cc_ai_summarizer - INFO - Loaded bulk summary chat history with 0 messages
2025-12-06 18:54:21 - cc_ai_summarizer - DEBUG - Loading file: airline_upgrade_happy_10min.txt
2025-12-06 18:54:21 - cc_ai_summarizer - INFO - Loaded chat history with 42 messages
2025-12-06 18:54:23 - cc_ai_summarizer - DEBUG - Loading file: airline_upgrade_happy_10min.txt
2025-12-06 18:54:25 - cc_ai_summarizer - DEBUG - Loaded 12 summaries from output_data/bulk_summaries.json
2025-12-06 18:54:28 - cc_ai_summarizer - DEBUG - Loading file: airline_upgrade_happy_10min.txt
2025-12-06 18:55:09 - cc_ai_summarizer - DEBUG - Loading file: airline_upgrade_happy_10min.txt
2025-12-06 18:55:09 - cc_ai_summarizer - INFO - Starting summarization for file: airline_upgrade_happy_10min.txt
2025-12-06 18:55:09 - cc_ai_summarizer - DEBUG - Loaded prompt file: summarize_system_prompt.txt
2025-12-06 18:55:09 - cc_ai_summarizer - DEBUG - Loaded prompt file: summarize_user_prompt.txt
2025-12-06 18:55:09 - cc_ai_summarizer - DEBUG - Loaded prompt file: summarize_guardrail_prompt.txt
2025-12-06 18:55:09 - cc_ai_summarizer - DEBUG - User prompt after replacing the strings:  Below is a call-center conversation between an agent and a customer.
Please summarize it using the exact structure provided and get me the JSON structure with key value pair like given below and strictly follow the format of the json structure
{
  "callId": "",
  "conversationDate": "",
  "conversationTime": "", 
  "conversationlength": "",
  "agentName": "",
  "agentId": "",
  "department": "",
  "customerName": "",
  "callSummary": "",
  "issueCategory": "",
  "resolutionStatus": "",
  "customerTone": "",
  "customerEmotions": "",
  "agentTone": "",
  "agentEmotions": "",
  "agentScore": 85,
  "agentScoreReason": "",
  "agentRating": 4,
  "agentRatingReason": "",
}
Value Rules:
Please keep all values in the json as init case. 
For timezone alone keep it all upper case. 
For time like AM or PM, keep it as am or pm. 
For noon change it to pm.
For HOURS or Hours or hours, keep it hrs.
For MINUTES or Minutes or minutes, keep it mins.
For SECONDS or Seconds or seconds, keep it secs.

Conversation:
Call ID: CC-2025-343435
CUSTOMER - JOHN SMITH
AGENT - ID - 1111 - NAME - DAVE AGENT
DEPARTMENT - AIRLINE
CONVERSATION DATE - 01/01/2025 - MM/DD/YYYY
CONVERSATION TIME - 4PM PST
CONVERSATION LENGTH - 10 MINUTES

CUSTOMER: Are you sure there’s nothing else I need to do?
AGENT: Yes! You’ve been upgraded to business class at no additional cost.

CUSTOMER: I’ve never flown business class before. This is such a wonderful surprise.
AGENT: We selected you because of your loyalty and perfect flight history.

CUSTOMER: This makes my whole week. I’m so excited.
AGENT: You’ll enjoy lounge access, priority boarding, and upgraded meals.

CUSTOMER: This makes my whole week. I’m so excited.
AGENT: You’ll enjoy lounge access, priority boarding, and upgraded meals.

CUSTOMER: Are you sure there’s nothing else I need to do?
AGENT: Yes! You’ve been upgraded to business class at no additional cost.

CUSTOMER: I’ve never flown business class before. This is such a wonderful surprise.
AGENT: We selected you because of your loyalty and perfect flight history.

CUSTOMER: Thank you so much for calling me personally.
AGENT: Yes! You’ve been upgraded to business class at no additional cost.

CUSTOMER: I’ve never flown business class before. This is such a wonderful surprise.
AGENT: We’re thrilled to give you this surprise experience.

CUSTOMER: This makes my whole week. I’m so excited.
AGENT: Everything is already processed—your new boarding pass is ready.

CUSTOMER: This makes my whole week. I’m so excited.
AGENT: You’ll enjoy lounge access, priority boarding, and upgraded meals.

CUSTOMER: Are you sure there’s nothing else I need to do?
AGENT: Yes! You’ve been upgraded to business class at no additional cost.

CUSTOMER: Seriously? I got a free upgrade? That’s amazing!
AGENT: Yes! You’ve been upgraded to business class at no additional cost.

CUSTOMER: Seriously? I got a free upgrade? That’s amazing!
AGENT: Yes! You’ve been upgraded to business class at no additional cost.

CUSTOMER: This makes my whole week. I’m so excited.
AGENT: Everything is already processed—your new boarding pass is ready.

CUSTOMER: This makes my whole week. I’m so excited.
AGENT: You’ll enjoy lounge access, priority boarding, and upgraded meals.

CUSTOMER: Seriously? I got a free upgrade? That’s amazing!
AGENT: Yes! You’ve been upgraded to business class at no additional cost.

CUSTOMER: This makes my whole week. I’m so excited.
AGENT: You’ll enjoy lounge access, priority boarding, and upgraded meals.

CUSTOMER: Are you sure there’s nothing else I need to do?
AGENT: We selected you because of your loyalty and perfect flight history.

CUSTOMER: I’ve never flown business class before. This is such a wonderful surprise.
AGENT: Yes! You’ve been upgraded to business class at no additional cost.

CUSTOMER: Seriously? I got a free upgrade? That’s amazing!
AGENT: Everything is already processed—your new boarding pass is ready.

CUSTOMER: Seriously? I got a free upgrade? That’s amazing!
AGENT: Yes! You’ve been upgraded to business class at no additional cost.

CUSTOMER: I’ve never flown business class before. This is such a wonderful surprise.
AGENT: Everything is already processed—your new boarding pass is ready.

CUSTOMER: Thank you so much for calling me personally.
AGENT: Everything is already processed—your new boarding pass is ready.

CUSTOMER: Are you sure there’s nothing else I need to do?
AGENT: We’re thrilled to give you this surprise experience.

CUSTOMER: Are you sure there’s nothing else I need to do?
AGENT: We’re thrilled to give you this surprise experience.

CUSTOMER: Are you sure there’s nothing else I need to do?
AGENT: You’ll enjoy lounge access, priority boarding, and upgraded meals.

CUSTOMER: Seriously? I got a free upgrade? That’s amazing!
AGENT: We selected you because of your loyalty and perfect flight history.

CUSTOMER: I’ve never flown business class before. This is such a wonderful surprise.
AGENT: We selected you because of your loyalty and perfect flight history.

CUSTOMER: Seriously? I got a free upgrade? That’s amazing!
AGENT: Yes! You’ve been upgraded to business class at no additional cost.

CUSTOMER: This makes my whole week. I’m so excited.
AGENT: We’re thrilled to give you this surprise experience.

CUSTOMER: Are you sure there’s nothing else I need to do?
AGENT: We selected you because of your loyalty and perfect flight history.

CUSTOMER: This makes my whole week. I’m so excited.
AGENT: We’re thrilled to give you this surprise experience.

CUSTOMER: Thank you so much for calling me personally.
AGENT: We’re thrilled to give you this surprise experience.

CUSTOMER: This makes my whole week. I’m so excited.
AGENT: You’ll enjoy lounge access, priority boarding, and upgraded meals.

CUSTOMER: I’ve never flown business class before. This is such a wonderful surprise.
AGENT: You’ll enjoy lounge access, priority boarding, and upgraded meals.

CUSTOMER: I’ve never flown business class before. This is such a wonderful surprise.
AGENT: Everything is already processed—your new boarding pass is ready.

CUSTOMER: Thank you so much for calling me personally.
AGENT: You’ll enjoy lounge access, priority boarding, and upgraded meals.

CUSTOMER: This makes my whole week. I’m so excited.
AGENT: Yes! You’ve been upgraded to business class at no additional cost.

CUSTOMER: Thank you so much for calling me personally.
AGENT: We selected you because of your loyalty and perfect flight history.

CUSTOMER: Seriously? I got a free upgrade? That’s amazing!
AGENT: We’re thrilled to give you this surprise experience.

CUSTOMER: Are you sure there’s nothing else I need to do?
AGENT: We’re thrilled to give you this surprise experience.

CUSTOMER: This makes my whole week. I’m so excited.
AGENT: You’ll enjoy lounge access, priority boarding, and upgraded meals.

CUSTOMER: Seriously? I got a free upgrade? That’s amazing!
AGENT: Yes! You’ve been upgraded to business class at no additional cost.

CUSTOMER: Are you sure there’s nothing else I need to do?
AGENT: We selected you because of your loyalty and perfect flight history.

CUSTOMER: This makes my whole week. I’m so excited.
AGENT: You’ll enjoy lounge access, priority boarding, and upgraded meals.

CUSTOMER: I’ve never flown business class before. This is such a wonderful surprise.
AGENT: We selected you because of your loyalty and perfect flight history.

CUSTOMER: This makes my whole week. I’m so excited.
AGENT: Everything is already processed—your new boarding pass is ready.

CUSTOMER: Are you sure there’s nothing else I need to do?
AGENT: We’re thrilled to give you this surprise experience.

CUSTOMER: Are you sure there’s nothing else I need to do?
AGENT: We selected you because of your loyalty and perfect flight history.

CUSTOMER: Are you sure there’s nothing else I need to do?
AGENT: We’re thrilled to give you this surprise experience.

CUSTOMER: Seriously? I got a free upgrade? That’s amazing!
AGENT: You’ll enjoy lounge access, priority boarding, and upgraded meals.

CUSTOMER: I’ve never flown business class before. This is such a wonderful surprise.
AGENT: You’ll enjoy lounge access, priority boarding, and upgraded meals.

CUSTOMER: Are you sure there’s nothing else I need to do?
AGENT: We’re thrilled to give you this surprise experience.

CUSTOMER: Thank you so much for calling me personally.
AGENT: Yes! You’ve been upgraded to business class at no additional cost.

CUSTOMER: Thank you so much for calling me personally.
AGENT: We selected you because of your loyalty and perfect flight history.

CUSTOMER: I’ve never flown business class before. This is such a wonderful surprise.
AGENT: You’ll enjoy lounge access, priority boarding, and upgraded meals.

CUSTOMER: Are you sure there’s nothing else I need to do?
AGENT: We selected you because of your loyalty and perfect flight history.

CUSTOMER: Seriously? I got a free upgrade? That’s amazing!
AGENT: You’ll enjoy lounge access, priority boarding, and upgraded meals.

CUSTOMER: I’ve never flown business class before. This is such a wonderful surprise.
AGENT: Yes! You’ve been upgraded to business class at no additional cost.

CUSTOMER: I’ve never flown business class before. This is such a wonderful surprise.
AGENT: Everything is already processed—your new boarding pass is ready.

Required Output Format (Follow strictly):
1. Summary of the Call
A concise 2 sentence overview of the issue, actions taken, and resolution status.
2. Customer Tone
Describe the customer’s tone (e.g., calm, upset, confused, angry, frustrated, appreciative, neutral).
3. Customer Emotions (Explicit Only)
List observable emotions based only on actual statements (e.g., frustration, worry, satisfaction).
No guessing.
4. Agent Tone
Describe the agent’s tone (e.g., professional, empathetic, rushed, neutral).
5. Agent Emotions (If Detectable)
Only include emotions that the agent clearly expresses.
If none: “The agent did not express explicit emotions.”
6. Agent Score (0–100)
Score based on:
Friendliness
Clarity
Policy adherence
Resolution effectiveness
Empathy
Include a 2–3 sentence justification.
7. Agent Rating (1–5 stars)
5 = Excellent
4 = Very Good
3 = Average
2 = Poor
1 = Very Poor
Include a 1–2 sentence explanation.
2025-12-06 18:55:09 - cc_ai_summarizer - DEBUG - Model used: gpt-4.1-mini-2025-04-14 | Temperature: 0.3 | Max tokens: 600 | Max sentences: 2
2025-12-06 18:55:09 - cc_ai_summarizer - DEBUG - Transcript length: 8289 characters
2025-12-06 18:55:11 - cc_ai_summarizer - ERROR - An error occurred during summarization: Connection error.
Traceback (most recent call last):
  File "/Users/dineshwar.elanchezhian/Documents/Dev/Python/IK/.venv/lib/python3.14/site-packages/httpx/_transports/default.py", line 101, in map_httpcore_exceptions
    yield
  File "/Users/dineshwar.elanchezhian/Documents/Dev/Python/IK/.venv/lib/python3.14/site-packages/httpx/_transports/default.py", line 250, in handle_request
    resp = self._pool.handle_request(req)
  File "/Users/dineshwar.elanchezhian/Documents/Dev/Python/IK/.venv/lib/python3.14/site-packages/httpcore/_sync/connection_pool.py", line 256, in handle_request
    raise exc from None
  File "/Users/dineshwar.elanchezhian/Documents/Dev/Python/IK/.venv/lib/python3.14/site-packages/httpcore/_sync/connection_pool.py", line 236, in handle_request
    response = connection.handle_request(
        pool_request.request
    )
  File "/Users/dineshwar.elanchezhian/Documents/Dev/Python/IK/.venv/lib/python3.14/site-packages/httpcore/_sync/connection.py", line 103, in handle_request
    return self._connection.handle_request(request)
           ~~~~~~~~~~~~~~~~~~~~~~~~~~~~~~~^^^^^^^^^
  File "/Users/dineshwar.elanchezhian/Documents/Dev/Python/IK/.venv/lib/python3.14/site-packages/httpcore/_sync/http11.py", line 136, in handle_request
    raise exc
  File "/Users/dineshwar.elanchezhian/Documents/Dev/Python/IK/.venv/lib/python3.14/site-packages/httpcore/_sync/http11.py", line 86, in handle_request
    self._send_request_headers(**kwargs)
    ~~~~~~~~~~~~~~~~~~~~~~~~~~^^^^^^^^^^
  File "/Users/dineshwar.elanchezhian/Documents/Dev/Python/IK/.venv/lib/python3.14/site-packages/httpcore/_sync/http11.py", line 144, in _send_request_headers
    with map_exceptions({h11.LocalProtocolError: LocalProtocolError}):
         ~~~~~~~~~~~~~~^^^^^^^^^^^^^^^^^^^^^^^^^^^^^^^^^^^^^^^^^^^^^^
  File "/usr/local/Cellar/python@3.14/3.14.0_1/Frameworks/Python.framework/Versions/3.14/lib/python3.14/contextlib.py", line 162, in __exit__
    self.gen.throw(value)
    ~~~~~~~~~~~~~~^^^^^^^
  File "/Users/dineshwar.elanchezhian/Documents/Dev/Python/IK/.venv/lib/python3.14/site-packages/httpcore/_exceptions.py", line 14, in map_exceptions
    raise to_exc(exc) from exc
httpcore.LocalProtocolError: Illegal header value b'Bearer # page refresh then clear chat history if  st.rerun:         st.session_state.bulk_summary_chat_history = []     save_bulk_summary_chat_history([])  '

The above exception was the direct cause of the following exception:

Traceback (most recent call last):
  File "/Users/dineshwar.elanchezhian/Documents/Dev/Python/IK/.venv/lib/python3.14/site-packages/openai/_base_client.py", line 982, in request
    response = self._client.send(
        request,
        stream=stream or self._should_stream_response_body(request=request),
        **kwargs,
    )
  File "/Users/dineshwar.elanchezhian/Documents/Dev/Python/IK/.venv/lib/python3.14/site-packages/httpx/_client.py", line 914, in send
    response = self._send_handling_auth(
        request,
    ...<2 lines>...
        history=[],
    )
  File "/Users/dineshwar.elanchezhian/Documents/Dev/Python/IK/.venv/lib/python3.14/site-packages/httpx/_client.py", line 942, in _send_handling_auth
    response = self._send_handling_redirects(
        request,
        follow_redirects=follow_redirects,
        history=history,
    )
  File "/Users/dineshwar.elanchezhian/Documents/Dev/Python/IK/.venv/lib/python3.14/site-packages/httpx/_client.py", line 979, in _send_handling_redirects
    response = self._send_single_request(request)
  File "/Users/dineshwar.elanchezhian/Documents/Dev/Python/IK/.venv/lib/python3.14/site-packages/httpx/_client.py", line 1014, in _send_single_request
    response = transport.handle_request(request)
  File "/Users/dineshwar.elanchezhian/Documents/Dev/Python/IK/.venv/lib/python3.14/site-packages/httpx/_transports/default.py", line 249, in handle_request
    with map_httpcore_exceptions():
         ~~~~~~~~~~~~~~~~~~~~~~~^^
  File "/usr/local/Cellar/python@3.14/3.14.0_1/Frameworks/Python.framework/Versions/3.14/lib/python3.14/contextlib.py", line 162, in __exit__
    self.gen.throw(value)
    ~~~~~~~~~~~~~~^^^^^^^
  File "/Users/dineshwar.elanchezhian/Documents/Dev/Python/IK/.venv/lib/python3.14/site-packages/httpx/_transports/default.py", line 118, in map_httpcore_exceptions
    raise mapped_exc(message) from exc
httpx.LocalProtocolError: Illegal header value b'Bearer # page refresh then clear chat history if  st.rerun:         st.session_state.bulk_summary_chat_history = []     save_bulk_summary_chat_history([])  '

The above exception was the direct cause of the following exception:

Traceback (most recent call last):
  File "/Users/dineshwar.elanchezhian/Documents/Dev/Python/IK/Projects/capstone/cc-ai-summarizer/src/summarizer.py", line 42, in summarize_call
    response = openai.chat.completions.create(
        model=model,
    ...<5 lines>...
        temperature=temperature
    )
  File "/Users/dineshwar.elanchezhian/Documents/Dev/Python/IK/.venv/lib/python3.14/site-packages/openai/_utils/_utils.py", line 286, in wrapper
    return func(*args, **kwargs)
  File "/Users/dineshwar.elanchezhian/Documents/Dev/Python/IK/.venv/lib/python3.14/site-packages/openai/resources/chat/completions/completions.py", line 1189, in create
    return self._post(
           ~~~~~~~~~~^
        "/chat/completions",
        ^^^^^^^^^^^^^^^^^^^^
    ...<47 lines>...
        stream_cls=Stream[ChatCompletionChunk],
        ^^^^^^^^^^^^^^^^^^^^^^^^^^^^^^^^^^^^^^^
    )
    ^
  File "/Users/dineshwar.elanchezhian/Documents/Dev/Python/IK/.venv/lib/python3.14/site-packages/openai/_base_client.py", line 1259, in post
    return cast(ResponseT, self.request(cast_to, opts, stream=stream, stream_cls=stream_cls))
                           ~~~~~~~~~~~~^^^^^^^^^^^^^^^^^^^^^^^^^^^^^^^^^^^^^^^^^^^^^^^^^^^^^
  File "/Users/dineshwar.elanchezhian/Documents/Dev/Python/IK/.venv/lib/python3.14/site-packages/openai/_base_client.py", line 1014, in request
    raise APIConnectionError(request=request) from err
openai.APIConnectionError: Connection error.
2025-12-06 18:55:11 - cc_ai_summarizer - DEBUG - Summary for airline_upgrade_happy_10min.txt: None
2025-12-06 18:55:11 - cc_ai_summarizer - ERROR - Failed to generate summary for airline_upgrade_happy_10min.txt
2025-12-06 18:55:22 - cc_ai_summarizer - DEBUG - Loading file: airline_upgrade_happy_10min.txt
2025-12-06 18:55:24 - cc_ai_summarizer - DEBUG - Loading file: airline_upgrade_happy_10min.txt
2025-12-06 18:55:24 - cc_ai_summarizer - INFO - Starting summarization for file: airline_upgrade_happy_10min.txt
2025-12-06 18:55:24 - cc_ai_summarizer - DEBUG - Loaded prompt file: summarize_system_prompt.txt
2025-12-06 18:55:24 - cc_ai_summarizer - DEBUG - Loaded prompt file: summarize_user_prompt.txt
2025-12-06 18:55:24 - cc_ai_summarizer - DEBUG - Loaded prompt file: summarize_guardrail_prompt.txt
2025-12-06 18:55:24 - cc_ai_summarizer - DEBUG - User prompt after replacing the strings:  Below is a call-center conversation between an agent and a customer.
Please summarize it using the exact structure provided and get me the JSON structure with key value pair like given below and strictly follow the format of the json structure
{
  "callId": "",
  "conversationDate": "",
  "conversationTime": "", 
  "conversationlength": "",
  "agentName": "",
  "agentId": "",
  "department": "",
  "customerName": "",
  "callSummary": "",
  "issueCategory": "",
  "resolutionStatus": "",
  "customerTone": "",
  "customerEmotions": "",
  "agentTone": "",
  "agentEmotions": "",
  "agentScore": 85,
  "agentScoreReason": "",
  "agentRating": 4,
  "agentRatingReason": "",
}
Value Rules:
Please keep all values in the json as init case. 
For timezone alone keep it all upper case. 
For time like AM or PM, keep it as am or pm. 
For noon change it to pm.
For HOURS or Hours or hours, keep it hrs.
For MINUTES or Minutes or minutes, keep it mins.
For SECONDS or Seconds or seconds, keep it secs.

Conversation:
Call ID: CC-2025-343435
CUSTOMER - JOHN SMITH
AGENT - ID - 1111 - NAME - DAVE AGENT
DEPARTMENT - AIRLINE
CONVERSATION DATE - 01/01/2025 - MM/DD/YYYY
CONVERSATION TIME - 4PM PST
CONVERSATION LENGTH - 10 MINUTES

CUSTOMER: Are you sure there’s nothing else I need to do?
AGENT: Yes! You’ve been upgraded to business class at no additional cost.

CUSTOMER: I’ve never flown business class before. This is such a wonderful surprise.
AGENT: We selected you because of your loyalty and perfect flight history.

CUSTOMER: This makes my whole week. I’m so excited.
AGENT: You’ll enjoy lounge access, priority boarding, and upgraded meals.

CUSTOMER: This makes my whole week. I’m so excited.
AGENT: You’ll enjoy lounge access, priority boarding, and upgraded meals.

CUSTOMER: Are you sure there’s nothing else I need to do?
AGENT: Yes! You’ve been upgraded to business class at no additional cost.

CUSTOMER: I’ve never flown business class before. This is such a wonderful surprise.
AGENT: We selected you because of your loyalty and perfect flight history.

CUSTOMER: Thank you so much for calling me personally.
AGENT: Yes! You’ve been upgraded to business class at no additional cost.

CUSTOMER: I’ve never flown business class before. This is such a wonderful surprise.
AGENT: We’re thrilled to give you this surprise experience.

CUSTOMER: This makes my whole week. I’m so excited.
AGENT: Everything is already processed—your new boarding pass is ready.

CUSTOMER: This makes my whole week. I’m so excited.
AGENT: You’ll enjoy lounge access, priority boarding, and upgraded meals.

CUSTOMER: Are you sure there’s nothing else I need to do?
AGENT: Yes! You’ve been upgraded to business class at no additional cost.

CUSTOMER: Seriously? I got a free upgrade? That’s amazing!
AGENT: Yes! You’ve been upgraded to business class at no additional cost.

CUSTOMER: Seriously? I got a free upgrade? That’s amazing!
AGENT: Yes! You’ve been upgraded to business class at no additional cost.

CUSTOMER: This makes my whole week. I’m so excited.
AGENT: Everything is already processed—your new boarding pass is ready.

CUSTOMER: This makes my whole week. I’m so excited.
AGENT: You’ll enjoy lounge access, priority boarding, and upgraded meals.

CUSTOMER: Seriously? I got a free upgrade? That’s amazing!
AGENT: Yes! You’ve been upgraded to business class at no additional cost.

CUSTOMER: This makes my whole week. I’m so excited.
AGENT: You’ll enjoy lounge access, priority boarding, and upgraded meals.

CUSTOMER: Are you sure there’s nothing else I need to do?
AGENT: We selected you because of your loyalty and perfect flight history.

CUSTOMER: I’ve never flown business class before. This is such a wonderful surprise.
AGENT: Yes! You’ve been upgraded to business class at no additional cost.

CUSTOMER: Seriously? I got a free upgrade? That’s amazing!
AGENT: Everything is already processed—your new boarding pass is ready.

CUSTOMER: Seriously? I got a free upgrade? That’s amazing!
AGENT: Yes! You’ve been upgraded to business class at no additional cost.

CUSTOMER: I’ve never flown business class before. This is such a wonderful surprise.
AGENT: Everything is already processed—your new boarding pass is ready.

CUSTOMER: Thank you so much for calling me personally.
AGENT: Everything is already processed—your new boarding pass is ready.

CUSTOMER: Are you sure there’s nothing else I need to do?
AGENT: We’re thrilled to give you this surprise experience.

CUSTOMER: Are you sure there’s nothing else I need to do?
AGENT: We’re thrilled to give you this surprise experience.

CUSTOMER: Are you sure there’s nothing else I need to do?
AGENT: You’ll enjoy lounge access, priority boarding, and upgraded meals.

CUSTOMER: Seriously? I got a free upgrade? That’s amazing!
AGENT: We selected you because of your loyalty and perfect flight history.

CUSTOMER: I’ve never flown business class before. This is such a wonderful surprise.
AGENT: We selected you because of your loyalty and perfect flight history.

CUSTOMER: Seriously? I got a free upgrade? That’s amazing!
AGENT: Yes! You’ve been upgraded to business class at no additional cost.

CUSTOMER: This makes my whole week. I’m so excited.
AGENT: We’re thrilled to give you this surprise experience.

CUSTOMER: Are you sure there’s nothing else I need to do?
AGENT: We selected you because of your loyalty and perfect flight history.

CUSTOMER: This makes my whole week. I’m so excited.
AGENT: We’re thrilled to give you this surprise experience.

CUSTOMER: Thank you so much for calling me personally.
AGENT: We’re thrilled to give you this surprise experience.

CUSTOMER: This makes my whole week. I’m so excited.
AGENT: You’ll enjoy lounge access, priority boarding, and upgraded meals.

CUSTOMER: I’ve never flown business class before. This is such a wonderful surprise.
AGENT: You’ll enjoy lounge access, priority boarding, and upgraded meals.

CUSTOMER: I’ve never flown business class before. This is such a wonderful surprise.
AGENT: Everything is already processed—your new boarding pass is ready.

CUSTOMER: Thank you so much for calling me personally.
AGENT: You’ll enjoy lounge access, priority boarding, and upgraded meals.

CUSTOMER: This makes my whole week. I’m so excited.
AGENT: Yes! You’ve been upgraded to business class at no additional cost.

CUSTOMER: Thank you so much for calling me personally.
AGENT: We selected you because of your loyalty and perfect flight history.

CUSTOMER: Seriously? I got a free upgrade? That’s amazing!
AGENT: We’re thrilled to give you this surprise experience.

CUSTOMER: Are you sure there’s nothing else I need to do?
AGENT: We’re thrilled to give you this surprise experience.

CUSTOMER: This makes my whole week. I’m so excited.
AGENT: You’ll enjoy lounge access, priority boarding, and upgraded meals.

CUSTOMER: Seriously? I got a free upgrade? That’s amazing!
AGENT: Yes! You’ve been upgraded to business class at no additional cost.

CUSTOMER: Are you sure there’s nothing else I need to do?
AGENT: We selected you because of your loyalty and perfect flight history.

CUSTOMER: This makes my whole week. I’m so excited.
AGENT: You’ll enjoy lounge access, priority boarding, and upgraded meals.

CUSTOMER: I’ve never flown business class before. This is such a wonderful surprise.
AGENT: We selected you because of your loyalty and perfect flight history.

CUSTOMER: This makes my whole week. I’m so excited.
AGENT: Everything is already processed—your new boarding pass is ready.

CUSTOMER: Are you sure there’s nothing else I need to do?
AGENT: We’re thrilled to give you this surprise experience.

CUSTOMER: Are you sure there’s nothing else I need to do?
AGENT: We selected you because of your loyalty and perfect flight history.

CUSTOMER: Are you sure there’s nothing else I need to do?
AGENT: We’re thrilled to give you this surprise experience.

CUSTOMER: Seriously? I got a free upgrade? That’s amazing!
AGENT: You’ll enjoy lounge access, priority boarding, and upgraded meals.

CUSTOMER: I’ve never flown business class before. This is such a wonderful surprise.
AGENT: You’ll enjoy lounge access, priority boarding, and upgraded meals.

CUSTOMER: Are you sure there’s nothing else I need to do?
AGENT: We’re thrilled to give you this surprise experience.

CUSTOMER: Thank you so much for calling me personally.
AGENT: Yes! You’ve been upgraded to business class at no additional cost.

CUSTOMER: Thank you so much for calling me personally.
AGENT: We selected you because of your loyalty and perfect flight history.

CUSTOMER: I’ve never flown business class before. This is such a wonderful surprise.
AGENT: You’ll enjoy lounge access, priority boarding, and upgraded meals.

CUSTOMER: Are you sure there’s nothing else I need to do?
AGENT: We selected you because of your loyalty and perfect flight history.

CUSTOMER: Seriously? I got a free upgrade? That’s amazing!
AGENT: You’ll enjoy lounge access, priority boarding, and upgraded meals.

CUSTOMER: I’ve never flown business class before. This is such a wonderful surprise.
AGENT: Yes! You’ve been upgraded to business class at no additional cost.

CUSTOMER: I’ve never flown business class before. This is such a wonderful surprise.
AGENT: Everything is already processed—your new boarding pass is ready.

Required Output Format (Follow strictly):
1. Summary of the Call
A concise 2 sentence overview of the issue, actions taken, and resolution status.
2. Customer Tone
Describe the customer’s tone (e.g., calm, upset, confused, angry, frustrated, appreciative, neutral).
3. Customer Emotions (Explicit Only)
List observable emotions based only on actual statements (e.g., frustration, worry, satisfaction).
No guessing.
4. Agent Tone
Describe the agent’s tone (e.g., professional, empathetic, rushed, neutral).
5. Agent Emotions (If Detectable)
Only include emotions that the agent clearly expresses.
If none: “The agent did not express explicit emotions.”
6. Agent Score (0–100)
Score based on:
Friendliness
Clarity
Policy adherence
Resolution effectiveness
Empathy
Include a 2–3 sentence justification.
7. Agent Rating (1–5 stars)
5 = Excellent
4 = Very Good
3 = Average
2 = Poor
1 = Very Poor
Include a 1–2 sentence explanation.
2025-12-06 18:55:24 - cc_ai_summarizer - DEBUG - Model used: gpt-4.1-mini-2025-04-14 | Temperature: 0.3 | Max tokens: 600 | Max sentences: 2
2025-12-06 18:55:24 - cc_ai_summarizer - DEBUG - Transcript length: 8289 characters
2025-12-06 18:55:28 - cc_ai_summarizer - INFO - Successfully generated summary (1364 characters)
2025-12-06 18:55:28 - cc_ai_summarizer - DEBUG - Summary for airline_upgrade_happy_10min.txt: {
  "callId": "CC-2025-343435",
  "conversationDate": "01/01/2025",
  "conversationTime": "4pm PST",
  "conversationlength": "10 mins",
  "agentName": "Dave Agent",
  "agentId": "1111",
  "department": "Airline",
  "customerName": "John Smith",
  "callSummary": "The customer was informed about a complimentary upgrade to business class due to loyalty and perfect flight history. The agent confirmed the upgrade details, benefits, and assured the customer that no further action was needed, resolving the inquiry successfully.",
  "issueCategory": "Flight Upgrade Inquiry",
  "resolutionStatus": "Resolved",
  "customerTone": "Appreciative and excited",
  "customerEmotions": "Excitement, appreciation, surprise",
  "agentTone": "Professional and reassuring",
  "agentEmotions": "The agent did not express explicit emotions.",
  "agentScore": 90,
  "agentScoreReason": "The agent was friendly, clear, and consistently reassured the customer about the upgrade and its benefits. The agent adhered to policy by confirming the upgrade and providing relevant information, effectively resolving the customer's concerns with a professional tone.",
  "agentRating": 4,
  "agentRatingReason": "The agent provided very good service with clear communication and reassurance, though the conversation was somewhat repetitive which could have been streamlined for efficiency."
}
2025-12-06 18:55:28 - cc_ai_summarizer - INFO - Summary generated for airline_upgrade_happy_10min.txt
2025-12-06 18:55:28 - cc_ai_summarizer - INFO - Saved 1 summaries to output_data/bulk_summaries.json
2025-12-06 18:55:28 - cc_ai_summarizer - INFO - Updated metadata: last_id=13
2025-12-06 18:55:28 - cc_ai_summarizer - DEBUG - Loading file: airline_upgrade_happy_10min.txt
2025-12-06 18:55:33 - cc_ai_summarizer - DEBUG - Loading file: airline_upgrade_happy_10min.txt
2025-12-06 18:55:33 - cc_ai_summarizer - INFO - Saved chat history with 0 messages
2025-12-06 18:55:33 - cc_ai_summarizer - DEBUG - Loading file: airline_upgrade_happy_10min.txt
